<?xml version="1.0" encoding="UTF-8"?>
<testsuite name="com.search.service.SerachServiceApplicationTests" tests="1" skipped="0" failures="0" errors="0" timestamp="2020-03-01T19:03:03" hostname="LAPTOP-T13VTKCK" time="0.098">
  <properties/>
  <testcase name="contextLoads()" classname="com.search.service.SerachServiceApplicationTests" time="0.098"/>
  <system-out><![CDATA[00:32:57.326 [Test worker] DEBUG org.springframework.test.context.BootstrapUtils - Instantiating CacheAwareContextLoaderDelegate from class [org.springframework.test.context.cache.DefaultCacheAwareContextLoaderDelegate]
00:32:57.337 [Test worker] DEBUG org.springframework.test.context.BootstrapUtils - Instantiating BootstrapContext using constructor [public org.springframework.test.context.support.DefaultBootstrapContext(java.lang.Class,org.springframework.test.context.CacheAwareContextLoaderDelegate)]
00:32:57.361 [Test worker] DEBUG org.springframework.test.context.BootstrapUtils - Instantiating TestContextBootstrapper for test class [com.search.service.SerachServiceApplicationTests] from class [org.springframework.boot.test.context.SpringBootTestContextBootstrapper]
00:32:57.375 [Test worker] INFO org.springframework.boot.test.context.SpringBootTestContextBootstrapper - Neither @ContextConfiguration nor @ContextHierarchy found for test class [com.search.service.SerachServiceApplicationTests], using SpringBootContextLoader
00:32:57.378 [Test worker] DEBUG org.springframework.test.context.support.AbstractContextLoader - Did not detect default resource location for test class [com.search.service.SerachServiceApplicationTests]: class path resource [com/search/service/SerachServiceApplicationTests-context.xml] does not exist
00:32:57.379 [Test worker] DEBUG org.springframework.test.context.support.AbstractContextLoader - Did not detect default resource location for test class [com.search.service.SerachServiceApplicationTests]: class path resource [com/search/service/SerachServiceApplicationTestsContext.groovy] does not exist
00:32:57.379 [Test worker] INFO org.springframework.test.context.support.AbstractContextLoader - Could not detect default resource locations for test class [com.search.service.SerachServiceApplicationTests]: no resource found for suffixes {-context.xml, Context.groovy}.
00:32:57.380 [Test worker] INFO org.springframework.test.context.support.AnnotationConfigContextLoaderUtils - Could not detect default configuration classes for test class [com.search.service.SerachServiceApplicationTests]: SerachServiceApplicationTests does not declare any static, non-private, non-final, nested classes annotated with @Configuration.
00:32:57.424 [Test worker] DEBUG org.springframework.test.context.support.ActiveProfilesUtils - Could not find an 'annotation declaring class' for annotation type [org.springframework.test.context.ActiveProfiles] and class [com.search.service.SerachServiceApplicationTests]
00:32:57.491 [Test worker] DEBUG org.springframework.context.annotation.ClassPathScanningCandidateComponentProvider - Identified candidate component class: file [D:\projects\SWM\serach-service\serach-service\build\classes\java\main\com\search\service\SerachServiceApplication.class]
00:32:57.492 [Test worker] INFO org.springframework.boot.test.context.SpringBootTestContextBootstrapper - Found @SpringBootConfiguration com.search.service.SerachServiceApplication for test class com.search.service.SerachServiceApplicationTests
00:32:57.593 [Test worker] DEBUG org.springframework.boot.test.context.SpringBootTestContextBootstrapper - @TestExecutionListeners is not present for class [com.search.service.SerachServiceApplicationTests]: using defaults.
00:32:57.593 [Test worker] INFO org.springframework.boot.test.context.SpringBootTestContextBootstrapper - Loaded default TestExecutionListener class names from location [META-INF/spring.factories]: [org.springframework.boot.test.autoconfigure.restdocs.RestDocsTestExecutionListener, org.springframework.boot.test.autoconfigure.web.client.MockRestServiceServerResetTestExecutionListener, org.springframework.boot.test.autoconfigure.web.servlet.MockMvcPrintOnlyOnFailureTestExecutionListener, org.springframework.boot.test.autoconfigure.web.servlet.WebDriverTestExecutionListener, org.springframework.boot.test.mock.mockito.MockitoTestExecutionListener, org.springframework.boot.test.mock.mockito.ResetMocksTestExecutionListener, org.springframework.test.context.web.ServletTestExecutionListener, org.springframework.test.context.support.DirtiesContextBeforeModesTestExecutionListener, org.springframework.test.context.support.DependencyInjectionTestExecutionListener, org.springframework.test.context.support.DirtiesContextTestExecutionListener, org.springframework.test.context.transaction.TransactionalTestExecutionListener, org.springframework.test.context.jdbc.SqlScriptsTestExecutionListener, org.springframework.test.context.event.EventPublishingTestExecutionListener]
00:32:57.608 [Test worker] INFO org.springframework.boot.test.context.SpringBootTestContextBootstrapper - Using TestExecutionListeners: [org.springframework.test.context.web.ServletTestExecutionListener@6b306679, org.springframework.test.context.support.DirtiesContextBeforeModesTestExecutionListener@3a39c4e6, org.springframework.boot.test.mock.mockito.MockitoTestExecutionListener@432648f0, org.springframework.boot.test.autoconfigure.SpringBootDependencyInjectionTestExecutionListener@52719342, org.springframework.test.context.support.DirtiesContextTestExecutionListener@3a9a34db, org.springframework.test.context.transaction.TransactionalTestExecutionListener@4e70c99a, org.springframework.test.context.jdbc.SqlScriptsTestExecutionListener@3fe0696c, org.springframework.test.context.event.EventPublishingTestExecutionListener@61d51651, org.springframework.boot.test.autoconfigure.restdocs.RestDocsTestExecutionListener@a82ca5c, org.springframework.boot.test.autoconfigure.web.client.MockRestServiceServerResetTestExecutionListener@4276ee8f, org.springframework.boot.test.autoconfigure.web.servlet.MockMvcPrintOnlyOnFailureTestExecutionListener@7e6154a4, org.springframework.boot.test.autoconfigure.web.servlet.WebDriverTestExecutionListener@37cfa2a7, org.springframework.boot.test.mock.mockito.ResetMocksTestExecutionListener@2b034e28]
00:32:57.611 [Test worker] DEBUG org.springframework.test.context.support.AbstractDirtiesContextTestExecutionListener - Before test class: context [DefaultTestContext@34c78b64 testClass = SerachServiceApplicationTests, testInstance = [null], testMethod = [null], testException = [null], mergedContextConfiguration = [WebMergedContextConfiguration@9917c66 testClass = SerachServiceApplicationTests, locations = '{}', classes = '{class com.search.service.SerachServiceApplication}', contextInitializerClasses = '[]', activeProfiles = '{}', propertySourceLocations = '{}', propertySourceProperties = '{org.springframework.boot.test.context.SpringBootTestContextBootstrapper=true}', contextCustomizers = set[org.springframework.boot.test.autoconfigure.properties.PropertyMappingContextCustomizer@0, org.springframework.boot.test.autoconfigure.web.servlet.WebDriverContextCustomizerFactory$Customizer@3c36abed, org.springframework.boot.test.context.filter.ExcludeFilterContextCustomizer@78030cbb, org.springframework.boot.test.json.DuplicateJsonObjectContextCustomizerFactory$DuplicateJsonObjectContextCustomizer@3bf6f27e, org.springframework.boot.test.mock.mockito.MockitoContextCustomizer@0, org.springframework.boot.test.web.client.TestRestTemplateContextCustomizer@1762b6d2], resourceBasePath = 'src/main/webapp', contextLoader = 'org.springframework.boot.test.context.SpringBootContextLoader', parent = [null]], attributes = map['org.springframework.test.context.web.ServletTestExecutionListener.activateListener' -> true]], class annotated with @DirtiesContext [false] with mode [null].
00:32:57.637 [Test worker] DEBUG org.springframework.test.context.support.TestPropertySourceUtils - Adding inlined properties to environment: {spring.jmx.enabled=false, org.springframework.boot.test.context.SpringBootTestContextBootstrapper=true, server.port=-1}

  .   ____          _            __ _ _
 /\\ / ___'_ __ _ _(_)_ __  __ _ \ \ \ \
( ( )\___ | '_ | '_| | '_ \/ _` | \ \ \ \
 \\/  ___)| |_)| | | | | || (_| |  ) ) ) )
  '  |____| .__|_| |_|_| |_\__, | / / / /
 =========|_|==============|___/=/_/_/_/
 :: Spring Boot ::        (v2.2.5.RELEASE)

2020-03-02 00:32:57.899  INFO 3064 --- [    Test worker] c.s.s.SerachServiceApplicationTests      : Starting SerachServiceApplicationTests on LAPTOP-T13VTKCK with PID 3064 (started by mantu in D:\projects\SWM\serach-service\serach-service)
2020-03-02 00:32:57.901  INFO 3064 --- [    Test worker] c.s.s.SerachServiceApplicationTests      : No active profile set, falling back to default profiles: default
2020-03-02 00:32:58.909  INFO 3064 --- [    Test worker] .s.d.r.c.RepositoryConfigurationDelegate : Bootstrapping Spring Data JPA repositories in DEFAULT mode.
2020-03-02 00:32:58.968  INFO 3064 --- [    Test worker] .s.d.r.c.RepositoryConfigurationDelegate : Finished Spring Data repository scanning in 51ms. Found 2 JPA repository interfaces.
2020-03-02 00:32:59.612  INFO 3064 --- [    Test worker] o.hibernate.jpa.internal.util.LogHelper  : HHH000204: Processing PersistenceUnitInfo [name: default]
2020-03-02 00:32:59.688  INFO 3064 --- [    Test worker] org.hibernate.Version                    : HHH000412: Hibernate ORM core version 5.4.12.Final
2020-03-02 00:32:59.806  INFO 3064 --- [    Test worker] o.hibernate.annotations.common.Version   : HCANN000001: Hibernate Commons Annotations {5.1.0.Final}
2020-03-02 00:32:59.898  INFO 3064 --- [    Test worker] com.zaxxer.hikari.HikariDataSource       : HikariPool-1 - Starting...
2020-03-02 00:33:00.208  INFO 3064 --- [    Test worker] com.zaxxer.hikari.HikariDataSource       : HikariPool-1 - Start completed.
2020-03-02 00:33:00.228  INFO 3064 --- [    Test worker] org.hibernate.dialect.Dialect            : HHH000400: Using dialect: org.hibernate.dialect.SQLServerDialect
2020-03-02 00:33:01.124  INFO 3064 --- [    Test worker] o.h.e.t.j.p.i.JtaPlatformInitiator       : HHH000490: Using JtaPlatform implementation: [org.hibernate.engine.transaction.jta.platform.internal.NoJtaPlatform]
2020-03-02 00:33:01.130  INFO 3064 --- [    Test worker] j.LocalContainerEntityManagerFactoryBean : Initialized JPA EntityManagerFactory for persistence unit 'default'
2020-03-02 00:33:01.978  WARN 3064 --- [    Test worker] JpaBaseConfiguration$JpaWebConfiguration : spring.jpa.open-in-view is enabled by default. Therefore, database queries may be performed during view rendering. Explicitly configure spring.jpa.open-in-view to disable this warning
2020-03-02 00:33:02.281  INFO 3064 --- [    Test worker] o.s.s.concurrent.ThreadPoolTaskExecutor  : Initializing ExecutorService 'applicationTaskExecutor'
2020-03-02 00:33:02.952  INFO 3064 --- [    Test worker] o.s.b.a.e.web.EndpointLinksResolver      : Exposing 2 endpoint(s) beneath base path '/actuator'
2020-03-02 00:33:03.004  INFO 3064 --- [    Test worker] c.s.s.SerachServiceApplicationTests      : Started SerachServiceApplicationTests in 5.357 seconds (JVM running for 6.621)
]]></system-out>
  <system-err><![CDATA[]]></system-err>
</testsuite>
