<?xml version="1.0" encoding="UTF-8"?>
<testsuite name="com.search.service.SerachServiceApplicationTests" tests="1" skipped="0" failures="0" errors="0" timestamp="2020-03-03T16:43:52" hostname="LAPTOP-T13VTKCK" time="0.138">
  <properties/>
  <testcase name="contextLoads()" classname="com.search.service.SerachServiceApplicationTests" time="0.138"/>
  <system-out><![CDATA[22:13:45.106 [Test worker] DEBUG org.springframework.test.context.BootstrapUtils - Instantiating CacheAwareContextLoaderDelegate from class [org.springframework.test.context.cache.DefaultCacheAwareContextLoaderDelegate]
22:13:45.129 [Test worker] DEBUG org.springframework.test.context.BootstrapUtils - Instantiating BootstrapContext using constructor [public org.springframework.test.context.support.DefaultBootstrapContext(java.lang.Class,org.springframework.test.context.CacheAwareContextLoaderDelegate)]
22:13:45.172 [Test worker] DEBUG org.springframework.test.context.BootstrapUtils - Instantiating TestContextBootstrapper for test class [com.search.service.SerachServiceApplicationTests] from class [org.springframework.boot.test.context.SpringBootTestContextBootstrapper]
22:13:45.195 [Test worker] INFO org.springframework.boot.test.context.SpringBootTestContextBootstrapper - Neither @ContextConfiguration nor @ContextHierarchy found for test class [com.search.service.SerachServiceApplicationTests], using SpringBootContextLoader
22:13:45.201 [Test worker] DEBUG org.springframework.test.context.support.AbstractContextLoader - Did not detect default resource location for test class [com.search.service.SerachServiceApplicationTests]: class path resource [com/search/service/SerachServiceApplicationTests-context.xml] does not exist
22:13:45.201 [Test worker] DEBUG org.springframework.test.context.support.AbstractContextLoader - Did not detect default resource location for test class [com.search.service.SerachServiceApplicationTests]: class path resource [com/search/service/SerachServiceApplicationTestsContext.groovy] does not exist
22:13:45.202 [Test worker] INFO org.springframework.test.context.support.AbstractContextLoader - Could not detect default resource locations for test class [com.search.service.SerachServiceApplicationTests]: no resource found for suffixes {-context.xml, Context.groovy}.
22:13:45.203 [Test worker] INFO org.springframework.test.context.support.AnnotationConfigContextLoaderUtils - Could not detect default configuration classes for test class [com.search.service.SerachServiceApplicationTests]: SerachServiceApplicationTests does not declare any static, non-private, non-final, nested classes annotated with @Configuration.
22:13:45.248 [Test worker] DEBUG org.springframework.test.context.support.ActiveProfilesUtils - Could not find an 'annotation declaring class' for annotation type [org.springframework.test.context.ActiveProfiles] and class [com.search.service.SerachServiceApplicationTests]
22:13:45.352 [Test worker] DEBUG org.springframework.context.annotation.ClassPathScanningCandidateComponentProvider - Identified candidate component class: file [D:\projects\SWM\serach-service\serach-service\build\classes\java\main\com\search\service\SerachServiceApplication.class]
22:13:45.354 [Test worker] INFO org.springframework.boot.test.context.SpringBootTestContextBootstrapper - Found @SpringBootConfiguration com.search.service.SerachServiceApplication for test class com.search.service.SerachServiceApplicationTests
22:13:45.502 [Test worker] DEBUG org.springframework.boot.test.context.SpringBootTestContextBootstrapper - @TestExecutionListeners is not present for class [com.search.service.SerachServiceApplicationTests]: using defaults.
22:13:45.502 [Test worker] INFO org.springframework.boot.test.context.SpringBootTestContextBootstrapper - Loaded default TestExecutionListener class names from location [META-INF/spring.factories]: [org.springframework.boot.test.autoconfigure.restdocs.RestDocsTestExecutionListener, org.springframework.boot.test.autoconfigure.web.client.MockRestServiceServerResetTestExecutionListener, org.springframework.boot.test.autoconfigure.web.servlet.MockMvcPrintOnlyOnFailureTestExecutionListener, org.springframework.boot.test.autoconfigure.web.servlet.WebDriverTestExecutionListener, org.springframework.boot.test.mock.mockito.MockitoTestExecutionListener, org.springframework.boot.test.mock.mockito.ResetMocksTestExecutionListener, org.springframework.test.context.web.ServletTestExecutionListener, org.springframework.test.context.support.DirtiesContextBeforeModesTestExecutionListener, org.springframework.test.context.support.DependencyInjectionTestExecutionListener, org.springframework.test.context.support.DirtiesContextTestExecutionListener, org.springframework.test.context.transaction.TransactionalTestExecutionListener, org.springframework.test.context.jdbc.SqlScriptsTestExecutionListener, org.springframework.test.context.event.EventPublishingTestExecutionListener]
22:13:45.519 [Test worker] INFO org.springframework.boot.test.context.SpringBootTestContextBootstrapper - Using TestExecutionListeners: [org.springframework.test.context.web.ServletTestExecutionListener@21ec8705, org.springframework.test.context.support.DirtiesContextBeforeModesTestExecutionListener@10502c96, org.springframework.boot.test.mock.mockito.MockitoTestExecutionListener@2726d184, org.springframework.boot.test.autoconfigure.SpringBootDependencyInjectionTestExecutionListener@4f5acccb, org.springframework.test.context.support.DirtiesContextTestExecutionListener@acbbe8a, org.springframework.test.context.transaction.TransactionalTestExecutionListener@1bee17d9, org.springframework.test.context.jdbc.SqlScriptsTestExecutionListener@ad54fd1, org.springframework.test.context.event.EventPublishingTestExecutionListener@1370f6d4, org.springframework.boot.test.autoconfigure.restdocs.RestDocsTestExecutionListener@441825de, org.springframework.boot.test.autoconfigure.web.client.MockRestServiceServerResetTestExecutionListener@2f23a25b, org.springframework.boot.test.autoconfigure.web.servlet.MockMvcPrintOnlyOnFailureTestExecutionListener@fa8cba9, org.springframework.boot.test.autoconfigure.web.servlet.WebDriverTestExecutionListener@1bfa5ade, org.springframework.boot.test.mock.mockito.ResetMocksTestExecutionListener@1e49aaaa]
22:13:45.523 [Test worker] DEBUG org.springframework.test.context.support.AbstractDirtiesContextTestExecutionListener - Before test class: context [DefaultTestContext@dcc1993 testClass = SerachServiceApplicationTests, testInstance = [null], testMethod = [null], testException = [null], mergedContextConfiguration = [WebMergedContextConfiguration@5060c14a testClass = SerachServiceApplicationTests, locations = '{}', classes = '{class com.search.service.SerachServiceApplication}', contextInitializerClasses = '[]', activeProfiles = '{}', propertySourceLocations = '{}', propertySourceProperties = '{org.springframework.boot.test.context.SpringBootTestContextBootstrapper=true}', contextCustomizers = set[org.springframework.boot.test.autoconfigure.properties.PropertyMappingContextCustomizer@0, org.springframework.boot.test.autoconfigure.web.servlet.WebDriverContextCustomizerFactory$Customizer@3c3f70b7, org.springframework.boot.test.context.filter.ExcludeFilterContextCustomizer@4ff2d36, org.springframework.boot.test.json.DuplicateJsonObjectContextCustomizerFactory$DuplicateJsonObjectContextCustomizer@60c26b98, org.springframework.boot.test.mock.mockito.MockitoContextCustomizer@0, org.springframework.boot.test.web.client.TestRestTemplateContextCustomizer@167bb9ca], resourceBasePath = 'src/main/webapp', contextLoader = 'org.springframework.boot.test.context.SpringBootContextLoader', parent = [null]], attributes = map['org.springframework.test.context.web.ServletTestExecutionListener.activateListener' -> true]], class annotated with @DirtiesContext [false] with mode [null].
22:13:45.591 [Test worker] DEBUG org.springframework.test.context.support.TestPropertySourceUtils - Adding inlined properties to environment: {spring.jmx.enabled=false, org.springframework.boot.test.context.SpringBootTestContextBootstrapper=true, server.port=-1}

  .   ____          _            __ _ _
 /\\ / ___'_ __ _ _(_)_ __  __ _ \ \ \ \
( ( )\___ | '_ | '_| | '_ \/ _` | \ \ \ \
 \\/  ___)| |_)| | | | | || (_| |  ) ) ) )
  '  |____| .__|_| |_|_| |_\__, | / / / /
 =========|_|==============|___/=/_/_/_/
 :: Spring Boot ::        (v2.2.5.RELEASE)

2020-03-03 22:13:45.990  INFO 9060 --- [    Test worker] c.s.s.SerachServiceApplicationTests      : Starting SerachServiceApplicationTests on LAPTOP-T13VTKCK with PID 9060 (started by mantu in D:\projects\SWM\serach-service\serach-service)
2020-03-03 22:13:45.992  INFO 9060 --- [    Test worker] c.s.s.SerachServiceApplicationTests      : No active profile set, falling back to default profiles: default
2020-03-03 22:13:47.244  INFO 9060 --- [    Test worker] .s.d.r.c.RepositoryConfigurationDelegate : Bootstrapping Spring Data JPA repositories in DEFAULT mode.
2020-03-03 22:13:47.325  INFO 9060 --- [    Test worker] .s.d.r.c.RepositoryConfigurationDelegate : Finished Spring Data repository scanning in 71ms. Found 2 JPA repository interfaces.
2020-03-03 22:13:48.175  INFO 9060 --- [    Test worker] o.hibernate.jpa.internal.util.LogHelper  : HHH000204: Processing PersistenceUnitInfo [name: default]
2020-03-03 22:13:48.257  INFO 9060 --- [    Test worker] org.hibernate.Version                    : HHH000412: Hibernate ORM core version 5.4.12.Final
2020-03-03 22:13:48.458  INFO 9060 --- [    Test worker] o.hibernate.annotations.common.Version   : HCANN000001: Hibernate Commons Annotations {5.1.0.Final}
2020-03-03 22:13:48.607  INFO 9060 --- [    Test worker] com.zaxxer.hikari.HikariDataSource       : HikariPool-1 - Starting...
2020-03-03 22:13:49.050  INFO 9060 --- [    Test worker] com.zaxxer.hikari.HikariDataSource       : HikariPool-1 - Start completed.
2020-03-03 22:13:49.083  INFO 9060 --- [    Test worker] org.hibernate.dialect.Dialect            : HHH000400: Using dialect: org.hibernate.dialect.SQLServerDialect
2020-03-03 22:13:50.064  INFO 9060 --- [    Test worker] o.h.e.t.j.p.i.JtaPlatformInitiator       : HHH000490: Using JtaPlatform implementation: [org.hibernate.engine.transaction.jta.platform.internal.NoJtaPlatform]
2020-03-03 22:13:50.072  INFO 9060 --- [    Test worker] j.LocalContainerEntityManagerFactoryBean : Initialized JPA EntityManagerFactory for persistence unit 'default'
2020-03-03 22:13:51.203  WARN 9060 --- [    Test worker] JpaBaseConfiguration$JpaWebConfiguration : spring.jpa.open-in-view is enabled by default. Therefore, database queries may be performed during view rendering. Explicitly configure spring.jpa.open-in-view to disable this warning
2020-03-03 22:13:51.582  INFO 9060 --- [    Test worker] o.s.s.concurrent.ThreadPoolTaskExecutor  : Initializing ExecutorService 'applicationTaskExecutor'
2020-03-03 22:13:52.448  INFO 9060 --- [    Test worker] o.s.b.a.e.web.EndpointLinksResolver      : Exposing 2 endpoint(s) beneath base path '/actuator'
2020-03-03 22:13:52.542  INFO 9060 --- [    Test worker] c.s.s.SerachServiceApplicationTests      : Started SerachServiceApplicationTests in 6.934 seconds (JVM running for 8.567)
]]></system-out>
  <system-err><![CDATA[]]></system-err>
</testsuite>
